2022.05.16 20:28:34 INFO  tracing is disabled for protocol LSP, to enable tracing of incoming and outgoing JSON messages create an empty file at /Users/iaskvortsov/Documents/GitHub/scala-coursera-eps/todo/.metals/lsp.trace.json or /Users/iaskvortsov/Library/Caches/org.scalameta.metals/lsp.trace.json
2022.05.16 20:28:35 INFO  logging to file /Users/iaskvortsov/Documents/GitHub/scala-coursera-eps/todo/.metals/metals.log
2022.05.16 20:28:35 INFO  Started: Metals version 0.11.5 in workspace '/Users/iaskvortsov/Documents/GitHub/scala-coursera-eps/todo' for client Visual Studio Code 1.67.1.
2022.05.16 20:28:37 INFO  time: initialize in 2.39s
2022.05.16 20:28:37 WARN  Flyway upgrade recommended: H2 2.1.212 is newer than this version of Flyway and support has not been tested. The latest supported version of H2 is 2.1.210.
2022.05.16 20:28:37 WARN  Build server is not auto-connectable.
2022.05.16 20:29:11 WARN  no build target for: /Users/iaskvortsov/Documents/GitHub/scala-coursera-eps/todo/src/main/scala/todo/CirceShim.scala
2022.05.16 20:29:14 INFO  no build target found for /Users/iaskvortsov/Documents/GitHub/scala-coursera-eps/todo/src/main/scala/todo/CirceShim.scala. Using presentation compiler with project's scala-library version: 3.1.2
2022.05.16 20:29:16 INFO  time: code lens generation in 4.53s
мая 16, 2022 8:29:35 PM org.eclipse.lsp4j.jsonrpc.services.GenericEndpoint notify
INFO: Unsupported notification method: $/setTrace
2022.05.16 20:29:36 WARN  no build target for: /Users/iaskvortsov/Documents/GitHub/scala-coursera-eps/todo/build.sbt
2022.05.16 20:31:30 WARN  no build target for: /Users/iaskvortsov/Documents/GitHub/scala-coursera-eps/todo/build.sbt
2022.05.16 20:31:33 INFO  running '/Library/Java/JavaVirtualMachines/jdk-11.0.15.1.jdk/Contents/Home/bin/java -Djline.terminal=jline.UnsupportedTerminal -Dsbt.log.noformat=true -Dfile.encoding=UTF-8 -jar /var/folders/63/q32zgnw527g9547scbl9tby00000gn/T/metals12495384590535294548/sbt-launch.jar -Dbloop.export-jar-classifiers=sources bloopInstall'
2022.05.16 20:31:33 WARN  no build target for: /Users/iaskvortsov/Documents/GitHub/scala-coursera-eps/todo/project/metals.sbt
2022.05.16 20:31:34 WARN  no build target for: /Users/iaskvortsov/Documents/GitHub/scala-coursera-eps/todo/project/project/metals.sbt
2022.05.16 20:31:35 INFO  [info] welcome to sbt 1.5.3 (Oracle Corporation Java 11.0.15.1)
2022.05.16 20:31:38 INFO  [info] loading settings for project todo-build-build-build from metals.sbt ...
2022.05.16 20:31:38 INFO  [info] loading project definition from /Users/iaskvortsov/Documents/GitHub/scala-coursera-eps/todo/project/project/project
2022.05.16 20:31:41 INFO  [info] loading settings for project todo-build-build from metals.sbt ...
2022.05.16 20:31:41 INFO  [info] loading project definition from /Users/iaskvortsov/Documents/GitHub/scala-coursera-eps/todo/project/project
2022.05.16 20:31:43 INFO  [success] Generated .bloop/todo-build-build.json
2022.05.16 20:31:43 INFO  [success] Total time: 2 s, completed 16 мая 2022 г., 20:31:43
2022.05.16 20:31:44 INFO  [info] loading settings for project todo-build from buildSettings.sbt,metals.sbt,plugins.sbt ...
2022.05.16 20:31:44 INFO  [info] loading project definition from /Users/iaskvortsov/Documents/GitHub/scala-coursera-eps/todo/project
2022.05.16 20:31:45 INFO  [success] Generated .bloop/todo-build.json
2022.05.16 20:31:45 INFO  [info] compiling 2 Scala sources to /Users/iaskvortsov/Documents/GitHub/scala-coursera-eps/todo/project/target/scala-2.12/sbt-1.0/classes ...
2022.05.16 20:31:52 INFO  [info] done compiling
2022.05.16 20:31:52 INFO  [success] Total time: 7 s, completed 16 мая 2022 г., 20:31:52
2022.05.16 20:31:53 INFO  [info] loading settings for project todo from assignment.sbt,build.sbt ...
2022.05.16 20:31:53 INFO  [info] set current project to effective-scala-todo (in build file:/Users/iaskvortsov/Documents/GitHub/scala-coursera-eps/todo/)
2022.05.16 20:31:59 INFO  [success] Generated .bloop/todo.json
2022.05.16 20:31:59 INFO  [success] Generated .bloop/todo-test.json
2022.05.16 20:31:59 INFO  [success] Total time: 5 s, completed 16 мая 2022 г., 20:31:59
2022.05.16 20:31:59 INFO  time: ran 'sbt bloopInstall' in 25s
2022.05.16 20:31:59 INFO  Attempting to connect to the build server...
2022.05.16 20:31:59 INFO  tracing is disabled for protocol BSP, to enable tracing of incoming and outgoing JSON messages create an empty file at /Users/iaskvortsov/Documents/GitHub/scala-coursera-eps/todo/.metals/bsp.trace.json or /Users/iaskvortsov/Library/Caches/org.scalameta.metals/bsp.trace.json
2022.05.16 20:31:59 INFO  Attempting to connect to the build server...
2022.05.16 20:31:59 INFO  Attempting to connect to the build server...
2022.05.16 20:31:59 INFO  tracing is disabled for protocol BSP, to enable tracing of incoming and outgoing JSON messages create an empty file at /Users/iaskvortsov/Documents/GitHub/scala-coursera-eps/todo/project/project/.metals/bsp.trace.json or /Users/iaskvortsov/Library/Caches/org.scalameta.metals/bsp.trace.json
2022.05.16 20:32:00 INFO  tracing is disabled for protocol BSP, to enable tracing of incoming and outgoing JSON messages create an empty file at /Users/iaskvortsov/Documents/GitHub/scala-coursera-eps/todo/project/.metals/bsp.trace.json or /Users/iaskvortsov/Library/Caches/org.scalameta.metals/bsp.trace.json
2022.05.16 20:32:00 INFO  time: Connected to build server in 0.51s
2022.05.16 20:32:00 INFO  Connected to Build server: Bloop v1.5.0
2022.05.16 20:32:06 INFO  time: indexed workspace in 6.32s
2022.05.16 20:32:06 INFO  compiling todo-build (2 scala sources)
2022.05.16 20:32:12 INFO  time: compiled todo-build in 5.97s
2022.05.16 20:32:12 INFO  skipping build import with status 'Installed'
2022.05.16 20:32:14 INFO  time: code lens generation in 7.92s
2022.05.16 20:32:14 INFO  time: code lens generation in 1.85s
2022.05.16 20:34:15 INFO  compiling todo (14 scala sources)
2022.05.16 20:34:19 INFO  time: compiled todo in 3.61s
мая 16, 2022 8:38:45 PM org.eclipse.lsp4j.jsonrpc.services.GenericEndpoint notify
INFO: Unsupported notification method: $/setTrace
2022.05.16 20:39:19 INFO  skipping build import with status 'Installed'
