2022.05.13 14:06:07 INFO  tracing is disabled for protocol LSP, to enable tracing of incoming and outgoing JSON messages create an empty file at /Users/iaskvortsov/Documents/GitHub/scala-coursera-eps/democracy/.metals/lsp.trace.json or /Users/iaskvortsov/Library/Caches/org.scalameta.metals/lsp.trace.json
2022.05.13 14:06:08 INFO  logging to file /Users/iaskvortsov/Documents/GitHub/scala-coursera-eps/democracy/.metals/metals.log
2022.05.13 14:06:08 INFO  Started: Metals version 0.11.5 in workspace '/Users/iaskvortsov/Documents/GitHub/scala-coursera-eps/democracy' for client Visual Studio Code 1.67.1.
2022.05.13 14:06:10 INFO  time: initialize in 2.51s
2022.05.13 14:06:10 WARN  Flyway upgrade recommended: H2 2.1.212 is newer than this version of Flyway and support has not been tested. The latest supported version of H2 is 2.1.210.
2022.05.13 14:06:10 WARN  Build server is not auto-connectable.
2022.05.13 14:06:39 WARN  no build target for: /Users/iaskvortsov/Documents/GitHub/scala-coursera-eps/democracy/src/main/scala/democracy/MajorityJudgement.scala
2022.05.13 14:06:42 INFO  no build target found for /Users/iaskvortsov/Documents/GitHub/scala-coursera-eps/democracy/src/main/scala/democracy/MajorityJudgement.scala. Using presentation compiler with project's scala-library version: 3.1.2
2022.05.13 14:06:44 INFO  time: code lens generation in 4.97s
2022.05.13 14:07:12 WARN  no build target for: /Users/iaskvortsov/Documents/GitHub/scala-coursera-eps/democracy/assignment.sbt
2022.05.13 14:07:55 WARN  no build target for: /Users/iaskvortsov/Documents/GitHub/scala-coursera-eps/democracy/src/main/scala/democracy/MajorityJudgement.scala
2022.05.13 15:05:30 WARN  no build target for: /Users/iaskvortsov/Documents/GitHub/scala-coursera-eps/democracy/src/main/scala/democracy/MajorityJudgement.scala
2022.05.13 15:11:27 WARN  no build target for: /Users/iaskvortsov/Documents/GitHub/scala-coursera-eps/democracy/src/main/scala/democracy/MajorityJudgement.scala
2022.05.13 15:11:34 WARN  no build target for: /Users/iaskvortsov/Documents/GitHub/scala-coursera-eps/democracy/src/test/scala/democracy/MajorityJudgementSuite.scala
2022.05.13 15:11:39 INFO  running '/Library/Java/JavaVirtualMachines/jdk-11.0.15.1.jdk/Contents/Home/bin/java -Djline.terminal=jline.UnsupportedTerminal -Dsbt.log.noformat=true -Dfile.encoding=UTF-8 -jar /var/folders/63/q32zgnw527g9547scbl9tby00000gn/T/metals11549414645038002602/sbt-launch.jar -Dbloop.export-jar-classifiers=sources bloopInstall'
2022.05.13 15:11:40 WARN  no build target for: /Users/iaskvortsov/Documents/GitHub/scala-coursera-eps/democracy/project/metals.sbt
2022.05.13 15:11:40 WARN  no build target for: /Users/iaskvortsov/Documents/GitHub/scala-coursera-eps/democracy/project/project/metals.sbt
2022.05.13 15:11:40 INFO  skipping build import with status 'Started'
2022.05.13 15:11:40 ERROR [info] [launcher] getting org.scala-sbt sbt 1.5.0  (this may take some time)...
2022.05.13 15:12:57 WARN  no build target for: /Users/iaskvortsov/Documents/GitHub/scala-coursera-eps/democracy/assignment.sbt
2022.05.13 15:12:58 WARN  no build target for: /Users/iaskvortsov/Documents/GitHub/scala-coursera-eps/democracy/build.sbt
2022.05.13 15:13:00 WARN  no build target for: /Users/iaskvortsov/Documents/GitHub/scala-coursera-eps/democracy/src/test/scala/democracy/MajorityJudgementSuite.scala
2022.05.13 15:13:34 ERROR downloading https://repo1.maven.org/maven2/org/scala-sbt/main_2.12/1.5.0/main_2.12-1.5.0.jar ...
2022.05.13 15:13:34 ERROR downloading https://repo1.maven.org/maven2/org/scala-sbt/sbt/1.5.0/sbt-1.5.0.jar ...
2022.05.13 15:13:34 ERROR downloading https://repo1.maven.org/maven2/org/scala-sbt/logic_2.12/1.5.0/logic_2.12-1.5.0.jar ...
2022.05.13 15:13:34 ERROR downloading https://repo1.maven.org/maven2/org/scala-lang/scala-library/2.12.13/scala-library-2.12.13.jar ...
2022.05.13 15:13:34 ERROR downloading https://repo1.maven.org/maven2/org/scala-sbt/io_2.12/1.5.0/io_2.12-1.5.0.jar ...
2022.05.13 15:13:34 ERROR downloading https://repo1.maven.org/maven2/org/scala-sbt/actions_2.12/1.5.0/actions_2.12-1.5.0.jar ...
2022.05.13 15:13:34 ERROR downloading https://repo1.maven.org/maven2/org/scala-sbt/run_2.12/1.5.0/run_2.12-1.5.0.jar ...
2022.05.13 15:13:34 ERROR downloading https://repo1.maven.org/maven2/org/scala-sbt/main-settings_2.12/1.5.0/main-settings_2.12-1.5.0.jar ...
2022.05.13 15:13:34 ERROR :: loading settings :: url = jar:file:/private/var/folders/63/q32zgnw527g9547scbl9tby00000gn/T/metals11549414645038002602/sbt-launch.jar!/org/apache/ivy/core/settings/ivysettings.xml
2022.05.13 15:13:34 ERROR :: loading settings :: url = jar:file:/private/var/folders/63/q32zgnw527g9547scbl9tby00000gn/T/metals11549414645038002602/sbt-launch.jar!/org/apache/ivy/core/settings/ivysettings.xml
2022.05.13 15:13:34 ERROR :: loading settings :: url = jar:file:/private/var/folders/63/q32zgnw527g9547scbl9tby00000gn/T/metals11549414645038002602/sbt-launch.jar!/org/apache/ivy/core/settings/ivysettings.xml
2022.05.13 15:13:34 ERROR :: loading settings :: url = jar:file:/private/var/folders/63/q32zgnw527g9547scbl9tby00000gn/T/metals11549414645038002602/sbt-launch.jar!/org/apache/ivy/core/settings/ivysettings.xml
2022.05.13 15:13:34 ERROR :: loading settings :: url = jar:file:/private/var/folders/63/q32zgnw527g9547scbl9tby00000gn/T/metals11549414645038002602/sbt-launch.jar!/org/apache/ivy/core/settings/ivysettings.xml
2022.05.13 15:13:34 ERROR :: loading settings :: url = jar:file:/private/var/folders/63/q32zgnw527g9547scbl9tby00000gn/T/metals11549414645038002602/sbt-launch.jar!/org/apache/ivy/core/settings/ivysettings.xml
2022.05.13 15:13:34 ERROR :: loading settings :: url = jar:file:/private/var/folders/63/q32zgnw527g9547scbl9tby00000gn/T/metals11549414645038002602/sbt-launch.jar!/org/apache/ivy/core/settings/ivysettings.xml
2022.05.13 15:13:34 ERROR :: loading settings :: url = jar:file:/private/var/folders/63/q32zgnw527g9547scbl9tby00000gn/T/metals11549414645038002602/sbt-launch.jar!/org/apache/ivy/core/settings/ivysettings.xml
2022.05.13 15:13:36 ERROR 	[SUCCESSFUL ] org.scala-sbt#logic_2.12;1.5.0!logic_2.12.jar (1471ms)
2022.05.13 15:13:36 ERROR 	[SUCCESSFUL ] org.scala-sbt#sbt;1.5.0!sbt.jar (1473ms)
2022.05.13 15:13:36 ERROR downloading https://repo1.maven.org/maven2/org/scala-sbt/command_2.12/1.5.0/command_2.12-1.5.0.jar ...
2022.05.13 15:13:36 ERROR downloading https://repo1.maven.org/maven2/org/scala-sbt/collections_2.12/1.5.0/collections_2.12-1.5.0.jar ...
2022.05.13 15:13:36 ERROR 	[SUCCESSFUL ] org.scala-sbt#run_2.12;1.5.0!run_2.12.jar (1485ms)
2022.05.13 15:13:36 ERROR downloading https://repo1.maven.org/maven2/org/scala-sbt/scripted-plugin_2.12/1.5.0/scripted-plugin_2.12-1.5.0.jar ...
2022.05.13 15:13:37 ERROR 	[SUCCESSFUL ] org.scala-sbt#actions_2.12;1.5.0!actions_2.12.jar (2606ms)
2022.05.13 15:13:37 ERROR downloading https://repo1.maven.org/maven2/org/scala-sbt/zinc-lm-integration_2.12/1.5.0/zinc-lm-integration_2.12-1.5.0.jar ...
2022.05.13 15:13:37 ERROR 	[SUCCESSFUL ] org.scala-sbt#scripted-plugin_2.12;1.5.0!scripted-plugin_2.12.jar (1821ms)
2022.05.13 15:13:37 ERROR downloading https://repo1.maven.org/maven2/org/scala-sbt/util-logging_2.12/1.5.0/util-logging_2.12-1.5.0.jar ...
2022.05.13 15:13:38 ERROR 	[SUCCESSFUL ] org.scala-sbt#io_2.12;1.5.0!io_2.12.jar (3702ms)
2022.05.13 15:13:38 ERROR downloading https://repo1.maven.org/maven2/org/scala-sbt/launcher-interface/1.3.0/launcher-interface-1.3.0.jar ...
2022.05.13 15:13:38 ERROR 	[SUCCESSFUL ] org.scala-sbt#zinc-lm-integration_2.12;1.5.0!zinc-lm-integration_2.12.jar (1597ms)
2022.05.13 15:13:38 ERROR 	[SUCCESSFUL ] org.scala-sbt#main-settings_2.12;1.5.0!main-settings_2.12.jar (4204ms)
2022.05.13 15:13:38 ERROR downloading https://repo1.maven.org/maven2/org/scala-sbt/librarymanagement-core_2.12/1.5.0/librarymanagement-core_2.12-1.5.0.jar ...
2022.05.13 15:13:38 ERROR downloading https://repo1.maven.org/maven2/org/scala-sbt/librarymanagement-ivy_2.12/1.5.0/librarymanagement-ivy_2.12-1.5.0.jar ...
2022.05.13 15:13:38 ERROR 	[SUCCESSFUL ] org.scala-sbt#collections_2.12;1.5.0!collections_2.12.jar (3056ms)
2022.05.13 15:13:38 ERROR downloading https://repo1.maven.org/maven2/org/scala-sbt/compiler-interface/1.5.0/compiler-interface-1.5.0.jar ...
2022.05.13 15:13:39 ERROR 	[SUCCESSFUL ] org.scala-sbt#launcher-interface;1.3.0!launcher-interface.jar (1172ms)
2022.05.13 15:13:39 ERROR downloading https://repo1.maven.org/maven2/org/scala-sbt/zinc-compile_2.12/1.5.0/zinc-compile_2.12-1.5.0.jar ...
2022.05.13 15:13:39 ERROR 	[SUCCESSFUL ] org.scala-sbt#command_2.12;1.5.0!command_2.12.jar (3853ms)
2022.05.13 15:13:39 ERROR downloading https://repo1.maven.org/maven2/org/scala-sbt/util-relation_2.12/1.5.0/util-relation_2.12-1.5.0.jar ...
2022.05.13 15:13:39 ERROR 	[SUCCESSFUL ] org.scala-sbt#util-logging_2.12;1.5.0!util-logging_2.12.jar (2235ms)
2022.05.13 15:13:39 ERROR downloading https://repo1.maven.org/maven2/org/scala-sbt/util-position_2.12/1.5.0/util-position_2.12-1.5.0.jar ...
2022.05.13 15:13:39 ERROR 	[SUCCESSFUL ] org.scala-sbt#compiler-interface;1.5.0!compiler-interface.jar (1216ms)
2022.05.13 15:13:39 ERROR downloading https://repo1.maven.org/maven2/org/scala-lang/scala-reflect/2.12.13/scala-reflect-2.12.13.jar ...
2022.05.13 15:13:39 ERROR 	[SUCCESSFUL ] org.scala-sbt#zinc-compile_2.12;1.5.0!zinc-compile_2.12.jar (923ms)
2022.05.13 15:13:39 ERROR downloading https://repo1.maven.org/maven2/org/scala-sbt/completion_2.12/1.5.0/completion_2.12-1.5.0.jar ...
2022.05.13 15:13:40 ERROR 	[SUCCESSFUL ] org.scala-sbt#util-relation_2.12;1.5.0!util-relation_2.12.jar (834ms)
2022.05.13 15:13:40 ERROR downloading https://repo1.maven.org/maven2/org/scala-sbt/task-system_2.12/1.5.0/task-system_2.12-1.5.0.jar ...
2022.05.13 15:13:40 ERROR 	[SUCCESSFUL ] org.scala-sbt#util-position_2.12;1.5.0!util-position_2.12.jar (1046ms)
2022.05.13 15:13:40 ERROR downloading https://repo1.maven.org/maven2/org/scala-sbt/tasks_2.12/1.5.0/tasks_2.12-1.5.0.jar ...
2022.05.13 15:13:42 ERROR 	[SUCCESSFUL ] org.scala-sbt#tasks_2.12;1.5.0!tasks_2.12.jar (1126ms)
2022.05.13 15:13:42 ERROR downloading https://repo1.maven.org/maven2/org/scala-sbt/testing_2.12/1.5.0/testing_2.12-1.5.0.jar ...
2022.05.13 15:13:42 ERROR 	[SUCCESSFUL ] org.scala-sbt#task-system_2.12;1.5.0!task-system_2.12.jar (1563ms)
2022.05.13 15:13:42 ERROR downloading https://repo1.maven.org/maven2/org/scala-sbt/util-tracking_2.12/1.5.0/util-tracking_2.12-1.5.0.jar ...
2022.05.13 15:13:42 ERROR 	[SUCCESSFUL ] org.scala-sbt#librarymanagement-core_2.12;1.5.0!librarymanagement-core_2.12.jar (3821ms)
2022.05.13 15:13:42 ERROR downloading https://repo1.maven.org/maven2/org/scala-sbt/zinc-classpath_2.12/1.5.0/zinc-classpath_2.12-1.5.0.jar ...
2022.05.13 15:13:42 ERROR 	[SUCCESSFUL ] org.scala-sbt#completion_2.12;1.5.0!completion_2.12.jar (2470ms)
2022.05.13 15:13:42 ERROR downloading https://repo1.maven.org/maven2/org/scala-sbt/zinc-apiinfo_2.12/1.5.0/zinc-apiinfo_2.12-1.5.0.jar ...
2022.05.13 15:13:43 ERROR 	[SUCCESSFUL ] org.scala-sbt#util-tracking_2.12;1.5.0!util-tracking_2.12.jar (1129ms)
2022.05.13 15:13:43 ERROR downloading https://repo1.maven.org/maven2/org/scala-sbt/zinc_2.12/1.5.0/zinc_2.12-1.5.0.jar ...
2022.05.13 15:13:43 ERROR 	[SUCCESSFUL ] org.scala-sbt#testing_2.12;1.5.0!testing_2.12.jar (1248ms)
2022.05.13 15:13:43 ERROR downloading https://repo1.maven.org/maven2/org/scala-sbt/util-control_2.12/1.5.0/util-control_2.12-1.5.0.jar ...
2022.05.13 15:13:43 ERROR 	[SUCCESSFUL ] org.scala-sbt#zinc-classpath_2.12;1.5.0!zinc-classpath_2.12.jar (1013ms)
2022.05.13 15:13:43 ERROR downloading https://repo1.maven.org/maven2/org/scala-sbt/util-interface/1.5.0/util-interface-1.5.0.jar ...
2022.05.13 15:13:43 ERROR 	[SUCCESSFUL ] org.scala-sbt#librarymanagement-ivy_2.12;1.5.0!librarymanagement-ivy_2.12.jar (5114ms)
2022.05.13 15:13:43 ERROR downloading https://repo1.maven.org/maven2/org/scala-sbt/core-macros_2.12/1.5.0/core-macros_2.12-1.5.0.jar ...
2022.05.13 15:13:43 ERROR 	[SUCCESSFUL ] org.scala-sbt#zinc-apiinfo_2.12;1.5.0!zinc-apiinfo_2.12.jar (1144ms)
2022.05.13 15:13:43 ERROR downloading https://repo1.maven.org/maven2/org/scala-lang/scala-compiler/2.12.13/scala-compiler-2.12.13.jar ...
2022.05.13 15:13:43 ERROR 	[SUCCESSFUL ] org.scala-sbt#util-control_2.12;1.5.0!util-control_2.12.jar (750ms)
2022.05.13 15:13:43 ERROR downloading https://repo1.maven.org/maven2/org/scala-sbt/util-cache_2.12/1.5.0/util-cache_2.12-1.5.0.jar ...
2022.05.13 15:13:43 ERROR 	[SUCCESSFUL ] org.scala-sbt#zinc_2.12;1.5.0!zinc_2.12.jar (982ms)
2022.05.13 15:13:43 ERROR 	[SUCCESSFUL ] org.scala-sbt#util-interface;1.5.0!util-interface.jar (793ms)
2022.05.13 15:13:43 ERROR downloading https://repo1.maven.org/maven2/org/scala-sbt/test-agent/1.5.0/test-agent-1.5.0.jar ...
2022.05.13 15:13:43 ERROR downloading https://repo1.maven.org/maven2/org/scala-sbt/compiler-bridge_2.12/1.5.0/compiler-bridge_2.12-1.5.0.jar ...
2022.05.13 15:13:46 ERROR 	[SUCCESSFUL ] org.scala-sbt#core-macros_2.12;1.5.0!core-macros_2.12.jar (2341ms)
2022.05.13 15:13:46 ERROR downloading https://repo1.maven.org/maven2/org/scala-sbt/zinc-classfile_2.12/1.5.0/zinc-classfile_2.12-1.5.0.jar ...
2022.05.13 15:13:46 ERROR 	[SUCCESSFUL ] org.scala-sbt#test-agent;1.5.0!test-agent.jar (2103ms)
2022.05.13 15:13:46 ERROR downloading https://repo1.maven.org/maven2/org/scala-sbt/zinc-core_2.12/1.5.0/zinc-core_2.12-1.5.0.jar ...
2022.05.13 15:13:46 ERROR 	[SUCCESSFUL ] org.scala-sbt#util-cache_2.12;1.5.0!util-cache_2.12.jar (2925ms)
2022.05.13 15:13:46 ERROR downloading https://repo1.maven.org/maven2/org/scala-sbt/zinc-persist_2.12/1.5.0/zinc-persist_2.12-1.5.0.jar ...
2022.05.13 15:13:47 ERROR 	[SUCCESSFUL ] org.scala-sbt#compiler-bridge_2.12;1.5.0!compiler-bridge_2.12.jar (3367ms)
2022.05.13 15:13:47 ERROR downloading https://repo1.maven.org/maven2/org/scala-sbt/zinc-compile-core_2.12/1.5.0/zinc-compile-core_2.12-1.5.0.jar ...
2022.05.13 15:13:47 ERROR 	[SUCCESSFUL ] org.scala-sbt#zinc-classfile_2.12;1.5.0!zinc-classfile_2.12.jar (1586ms)
2022.05.13 15:13:47 ERROR downloading https://repo1.maven.org/maven2/org/scala-sbt/zinc-persist-core-assembly/1.5.0/zinc-persist-core-assembly-1.5.0.jar ...
2022.05.13 15:13:49 ERROR 	[SUCCESSFUL ] org.scala-sbt#zinc-persist_2.12;1.5.0!zinc-persist_2.12.jar (2421ms)
2022.05.13 15:13:49 ERROR downloading https://repo1.maven.org/maven2/org/scala-sbt/protocol_2.12/1.5.0/protocol_2.12-1.5.0.jar ...
2022.05.13 15:13:49 ERROR 	[SUCCESSFUL ] org.scala-sbt#zinc-core_2.12;1.5.0!zinc-core_2.12.jar (3383ms)
2022.05.13 15:13:50 ERROR 	[SUCCESSFUL ] org.scala-sbt#zinc-compile-core_2.12;1.5.0!zinc-compile-core_2.12.jar (2917ms)
2022.05.13 15:13:50 ERROR 	[SUCCESSFUL ] org.scala-sbt#main_2.12;1.5.0!main_2.12.jar (16826ms)
2022.05.13 15:13:54 ERROR 	[SUCCESSFUL ] org.scala-sbt#protocol_2.12;1.5.0!protocol_2.12.jar (4846ms)
2022.05.13 15:13:59 ERROR 	[SUCCESSFUL ] org.scala-lang#scala-library;2.12.13!scala-library.jar (24582ms)
2022.05.13 15:14:04 ERROR 	[SUCCESSFUL ] org.scala-lang#scala-reflect;2.12.13!scala-reflect.jar (23601ms)
2022.05.13 15:14:05 ERROR 	[SUCCESSFUL ] org.scala-sbt#zinc-persist-core-assembly;1.5.0!zinc-persist-core-assembly.jar (17560ms)
2022.05.13 15:14:10 ERROR 	[SUCCESSFUL ] org.scala-lang#scala-compiler;2.12.13!scala-compiler.jar (26290ms)
2022.05.13 15:14:10 ERROR :: retrieving :: org.scala-sbt#boot-app
2022.05.13 15:14:10 ERROR 	confs: [default]
2022.05.13 15:14:10 ERROR 	83 artifacts copied, 0 already retrieved
2022.05.13 15:14:10 ERROR [info] [launcher] getting Scala 2.12.13 (for sbt)...
2022.05.13 15:14:23 ERROR :: retrieving :: org.scala-sbt#boot-scala
2022.05.13 15:14:23 ERROR 	confs: [default]
2022.05.13 15:14:23 ERROR 	6 artifacts copied, 0 already retrieved
2022.05.13 15:14:24 INFO  [info] welcome to sbt 1.5.0 (Oracle Corporation Java 11.0.15.1)
2022.05.13 15:14:27 INFO  [info] loading settings for project democracy-build-build-build from metals.sbt ...
2022.05.13 15:14:27 INFO  [info] loading project definition from /Users/iaskvortsov/Documents/GitHub/scala-coursera-eps/democracy/project/project/project
2022.05.13 15:14:37 WARN  no build target for: /Users/iaskvortsov/Documents/GitHub/scala-coursera-eps/democracy/src/main/scala/democracy/MajorityJudgement.scala
2022.05.13 15:14:56 INFO  [info] loading settings for project democracy-build-build from metals.sbt ...
2022.05.13 15:14:56 INFO  [info] loading project definition from /Users/iaskvortsov/Documents/GitHub/scala-coursera-eps/democracy/project/project
2022.05.13 15:15:24 INFO  [success] Generated .bloop/democracy-build-build.json
2022.05.13 15:15:24 INFO  [success] Total time: 28 s, completed 13 мая 2022 г., 15:15:24
2022.05.13 15:15:26 INFO  [info] loading settings for project democracy-build from buildSettings.sbt,metals.sbt,plugins.sbt ...
2022.05.13 15:15:26 INFO  [info] loading project definition from /Users/iaskvortsov/Documents/GitHub/scala-coursera-eps/democracy/project
2022.05.13 15:15:27 INFO  [success] Generated .bloop/democracy-build.json
2022.05.13 15:15:27 INFO  [info] compiling 2 Scala sources to /Users/iaskvortsov/Documents/GitHub/scala-coursera-eps/democracy/project/target/scala-2.12/sbt-1.0/classes ...
2022.05.13 15:15:27 INFO  [info] Non-compiled module 'compiler-bridge_2.12' for Scala 2.12.13. Compiling...
2022.05.13 15:15:35 INFO  [info]   Compilation completed in 7.918s.
2022.05.13 15:15:37 INFO  [info] done compiling
2022.05.13 15:15:37 INFO  [success] Total time: 12 s, completed 13 мая 2022 г., 15:15:38
2022.05.13 15:15:40 INFO  [info] loading settings for project democracy from assignment.sbt,build.sbt ...
2022.05.13 15:15:40 INFO  [info] set current project to effective-scala-democracy (in build file:/Users/iaskvortsov/Documents/GitHub/scala-coursera-eps/democracy/)
2022.05.13 15:15:40 INFO  [warn] there's a key that's not used by any other settings/tasks:
2022.05.13 15:15:40 INFO  [warn]  
2022.05.13 15:15:40 INFO  [warn] * democracy / assignmentVersion
2022.05.13 15:15:40 INFO  [warn]   +- /Users/iaskvortsov/Documents/GitHub/scala-coursera-eps/democracy/assignment.sbt:4
2022.05.13 15:15:40 INFO  [warn]  
2022.05.13 15:15:40 INFO  [warn] note: a setting might still be used by a command; to exclude a key from this `lintUnused` check
2022.05.13 15:15:40 INFO  [warn] either append it to `Global / excludeLintKeys` or call .withRank(KeyRanks.Invisible) on the key
2022.05.13 15:15:41 INFO  [success] Generated .bloop/democracy.json
2022.05.13 15:15:41 INFO  [success] Generated .bloop/democracy-test.json
2022.05.13 15:15:41 INFO  [success] Total time: 0 s, completed 13 мая 2022 г., 15:15:41
2022.05.13 15:15:41 INFO  time: ran 'sbt bloopInstall' in 4m1s
2022.05.13 15:15:41 INFO  Attempting to connect to the build server...
2022.05.13 15:15:43 INFO  tracing is disabled for protocol BSP, to enable tracing of incoming and outgoing JSON messages create an empty file at /Users/iaskvortsov/Documents/GitHub/scala-coursera-eps/democracy/.metals/bsp.trace.json or /Users/iaskvortsov/Library/Caches/org.scalameta.metals/bsp.trace.json
2022.05.13 15:15:43 INFO  Attempting to connect to the build server...
2022.05.13 15:15:43 INFO  Attempting to connect to the build server...
2022.05.13 15:15:43 INFO  tracing is disabled for protocol BSP, to enable tracing of incoming and outgoing JSON messages create an empty file at /Users/iaskvortsov/Documents/GitHub/scala-coursera-eps/democracy/project/.metals/bsp.trace.json or /Users/iaskvortsov/Library/Caches/org.scalameta.metals/bsp.trace.json
2022.05.13 15:15:43 INFO  tracing is disabled for protocol BSP, to enable tracing of incoming and outgoing JSON messages create an empty file at /Users/iaskvortsov/Documents/GitHub/scala-coursera-eps/democracy/project/project/.metals/bsp.trace.json or /Users/iaskvortsov/Library/Caches/org.scalameta.metals/bsp.trace.json
2022.05.13 15:16:03 ERROR Timeout waiting for 'build/initialize' response
2022.05.13 15:16:03 ERROR Timeout waiting for 'build/initialize' response
2022.05.13 15:16:03 WARN  Retrying connection to the build server Bloop
2022.05.13 15:16:03 WARN  Retrying connection to the build server Bloop
2022.05.13 15:16:03 INFO  tracing is disabled for protocol BSP, to enable tracing of incoming and outgoing JSON messages create an empty file at /Users/iaskvortsov/Documents/GitHub/scala-coursera-eps/democracy/project/.metals/bsp.trace.json or /Users/iaskvortsov/Library/Caches/org.scalameta.metals/bsp.trace.json
2022.05.13 15:16:03 INFO  tracing is disabled for protocol BSP, to enable tracing of incoming and outgoing JSON messages create an empty file at /Users/iaskvortsov/Documents/GitHub/scala-coursera-eps/democracy/project/project/.metals/bsp.trace.json or /Users/iaskvortsov/Library/Caches/org.scalameta.metals/bsp.trace.json
2022.05.13 15:16:21 INFO  time: Connected to build server in 40s
2022.05.13 15:16:21 INFO  Connected to Build server: Bloop v1.5.0
2022.05.13 15:16:26 INFO  compiling democracy (1 scala source)
мая 13, 2022 3:16:26 PM org.eclipse.lsp4j.jsonrpc.RemoteEndpoint fallbackResponseError
SEVERE: Internal error: scala.meta.internal.metals.debug.DebugProvider$SemanticDbNotFoundException$: Build misconfiguration. No semanticdb can be found for you file, please check the doctor.
java.util.concurrent.CompletionException: scala.meta.internal.metals.debug.DebugProvider$SemanticDbNotFoundException$: Build misconfiguration. No semanticdb can be found for you file, please check the doctor.
	at java.base/java.util.concurrent.CompletableFuture.encodeThrowable(CompletableFuture.java:331)
	at java.base/java.util.concurrent.CompletableFuture.uniAcceptNow(CompletableFuture.java:743)
	at java.base/java.util.concurrent.CompletableFuture.uniAcceptStage(CompletableFuture.java:731)
	at java.base/java.util.concurrent.CompletableFuture.thenAcceptAsync(CompletableFuture.java:2112)
	at scala.concurrent.java8.FuturesConvertersImpl$CF.thenAccept(FutureConvertersImpl.scala:37)
	at org.eclipse.lsp4j.jsonrpc.RemoteEndpoint.handleRequest(RemoteEndpoint.java:279)
	at org.eclipse.lsp4j.jsonrpc.RemoteEndpoint.consume(RemoteEndpoint.java:190)
	at org.eclipse.lsp4j.jsonrpc.json.StreamMessageProducer.handleMessage(StreamMessageProducer.java:194)
	at org.eclipse.lsp4j.jsonrpc.json.StreamMessageProducer.listen(StreamMessageProducer.java:94)
	at org.eclipse.lsp4j.jsonrpc.json.ConcurrentMessageProcessor.run(ConcurrentMessageProcessor.java:113)
	at java.base/java.util.concurrent.Executors$RunnableAdapter.call(Executors.java:515)
	at java.base/java.util.concurrent.FutureTask.run(FutureTask.java:264)
	at java.base/java.util.concurrent.ThreadPoolExecutor.runWorker(ThreadPoolExecutor.java:1128)
	at java.base/java.util.concurrent.ThreadPoolExecutor$Worker.run(ThreadPoolExecutor.java:628)
	at java.base/java.lang.Thread.run(Thread.java:834)
Caused by: scala.meta.internal.metals.debug.DebugProvider$SemanticDbNotFoundException$: Build misconfiguration. No semanticdb can be found for you file, please check the doctor.
	at scala.meta.internal.metals.debug.DebugProvider$SemanticDbNotFoundException$.<clinit>(DebugProvider.scala:849)
	at scala.meta.internal.metals.debug.DebugProvider.$anonfun$resolveInFile$1(DebugProvider.scala:319)
	at scala.Option.fold(Option.scala:263)
	at scala.meta.internal.metals.debug.DebugProvider.resolveInFile(DebugProvider.scala:320)
	at scala.meta.internal.metals.debug.DebugProvider.debugDiscovery(DebugProvider.scala:404)
	at scala.meta.internal.metals.MetalsLanguageServer.executeCommand(MetalsLanguageServer.scala:1853)
	at java.base/jdk.internal.reflect.NativeMethodAccessorImpl.invoke0(Native Method)
	at java.base/jdk.internal.reflect.NativeMethodAccessorImpl.invoke(NativeMethodAccessorImpl.java:62)
	at java.base/jdk.internal.reflect.DelegatingMethodAccessorImpl.invoke(DelegatingMethodAccessorImpl.java:43)
	at java.base/java.lang.reflect.Method.invoke(Method.java:566)
	at org.eclipse.lsp4j.jsonrpc.services.GenericEndpoint.lambda$null$0(GenericEndpoint.java:65)
	at org.eclipse.lsp4j.jsonrpc.services.GenericEndpoint.request(GenericEndpoint.java:120)
	at org.eclipse.lsp4j.jsonrpc.RemoteEndpoint.handleRequest(RemoteEndpoint.java:261)
	... 9 more

2022.05.13 15:16:34 INFO  time: compiled democracy in 7.94s
2022.05.13 15:16:36 INFO  time: indexed workspace in 14s
2022.05.13 15:16:36 INFO  compiling democracy (1 scala source)
2022.05.13 15:16:38 INFO  time: compiled democracy in 1.92s
мая 13, 2022 3:16:58 PM org.eclipse.lsp4j.jsonrpc.RemoteEndpoint fallbackResponseError
SEVERE: Internal error: scala.meta.internal.metals.debug.DebugProvider$WorkspaceErrorsException$: Cannot run class, since the workspace has errors.
java.util.concurrent.CompletionException: scala.meta.internal.metals.debug.DebugProvider$WorkspaceErrorsException$: Cannot run class, since the workspace has errors.
	at java.base/java.util.concurrent.CompletableFuture.encodeThrowable(CompletableFuture.java:331)
	at java.base/java.util.concurrent.CompletableFuture.uniAcceptNow(CompletableFuture.java:743)
	at java.base/java.util.concurrent.CompletableFuture.uniAcceptStage(CompletableFuture.java:731)
	at java.base/java.util.concurrent.CompletableFuture.thenAcceptAsync(CompletableFuture.java:2112)
	at scala.concurrent.java8.FuturesConvertersImpl$CF.thenAccept(FutureConvertersImpl.scala:37)
	at org.eclipse.lsp4j.jsonrpc.RemoteEndpoint.handleRequest(RemoteEndpoint.java:279)
	at org.eclipse.lsp4j.jsonrpc.RemoteEndpoint.consume(RemoteEndpoint.java:190)
	at org.eclipse.lsp4j.jsonrpc.json.StreamMessageProducer.handleMessage(StreamMessageProducer.java:194)
	at org.eclipse.lsp4j.jsonrpc.json.StreamMessageProducer.listen(StreamMessageProducer.java:94)
	at org.eclipse.lsp4j.jsonrpc.json.ConcurrentMessageProcessor.run(ConcurrentMessageProcessor.java:113)
	at java.base/java.util.concurrent.Executors$RunnableAdapter.call(Executors.java:515)
	at java.base/java.util.concurrent.FutureTask.run(FutureTask.java:264)
	at java.base/java.util.concurrent.ThreadPoolExecutor.runWorker(ThreadPoolExecutor.java:1128)
	at java.base/java.util.concurrent.ThreadPoolExecutor$Worker.run(ThreadPoolExecutor.java:628)
	at java.base/java.lang.Thread.run(Thread.java:834)
Caused by: scala.meta.internal.metals.debug.DebugProvider$WorkspaceErrorsException$: Cannot run class, since the workspace has errors.
	at scala.meta.internal.metals.debug.DebugProvider$WorkspaceErrorsException$.<clinit>(DebugProvider.scala:841)
	at scala.meta.internal.metals.debug.DebugProvider.debugDiscovery(DebugProvider.scala:396)
	at scala.meta.internal.metals.MetalsLanguageServer.executeCommand(MetalsLanguageServer.scala:1853)
	at java.base/jdk.internal.reflect.NativeMethodAccessorImpl.invoke0(Native Method)
	at java.base/jdk.internal.reflect.NativeMethodAccessorImpl.invoke(NativeMethodAccessorImpl.java:62)
	at java.base/jdk.internal.reflect.DelegatingMethodAccessorImpl.invoke(DelegatingMethodAccessorImpl.java:43)
	at java.base/java.lang.reflect.Method.invoke(Method.java:566)
	at org.eclipse.lsp4j.jsonrpc.services.GenericEndpoint.lambda$null$0(GenericEndpoint.java:65)
	at org.eclipse.lsp4j.jsonrpc.services.GenericEndpoint.request(GenericEndpoint.java:120)
	at org.eclipse.lsp4j.jsonrpc.RemoteEndpoint.handleRequest(RemoteEndpoint.java:261)
	... 9 more

2022.05.13 15:16:58 INFO  compiling democracy (1 scala source)
2022.05.13 15:16:58 INFO  time: compiled democracy in 0.92s
2022.05.13 15:17:47 ERROR code navigation does not work for the file '/Users/iaskvortsov/Documents/GitHub/scala-coursera-eps/democracy/src/main/scala/democracy/MajorityJudgement.scala' because the SemanticDB file '/Users/iaskvortsov/Documents/GitHub/scala-coursera-eps/democracy/.bloop/democracy/bloop-bsp-clients-classes/classes-Metals-2sZz_Z2DTy-HAKMkq3utSA==/META-INF/semanticdb/src/main/scala/democracy/MajorityJudgement.scala.semanticdb' doesn't exist. There can be many reasons for this error. 
2022.05.13 15:22:03 ERROR code navigation does not work for the file '/Users/iaskvortsov/Documents/GitHub/scala-coursera-eps/democracy/src/main/scala/democracy/MajorityJudgement.scala' because the SemanticDB file '/Users/iaskvortsov/Documents/GitHub/scala-coursera-eps/democracy/.bloop/democracy/bloop-bsp-clients-classes/classes-Metals-2sZz_Z2DTy-HAKMkq3utSA==/META-INF/semanticdb/src/main/scala/democracy/MajorityJudgement.scala.semanticdb' doesn't exist. There can be many reasons for this error. 
2022.05.13 15:22:03 ERROR code navigation does not work for the file '/Users/iaskvortsov/Documents/GitHub/scala-coursera-eps/democracy/src/main/scala/democracy/MajorityJudgement.scala' because the SemanticDB file '/Users/iaskvortsov/Documents/GitHub/scala-coursera-eps/democracy/.bloop/democracy/bloop-bsp-clients-classes/classes-Metals-2sZz_Z2DTy-HAKMkq3utSA==/META-INF/semanticdb/src/main/scala/democracy/MajorityJudgement.scala.semanticdb' doesn't exist. There can be many reasons for this error. 
2022.05.13 15:22:07 ERROR code navigation does not work for the file '/Users/iaskvortsov/Documents/GitHub/scala-coursera-eps/democracy/src/main/scala/democracy/MajorityJudgement.scala' because the SemanticDB file '/Users/iaskvortsov/Documents/GitHub/scala-coursera-eps/democracy/.bloop/democracy/bloop-bsp-clients-classes/classes-Metals-2sZz_Z2DTy-HAKMkq3utSA==/META-INF/semanticdb/src/main/scala/democracy/MajorityJudgement.scala.semanticdb' doesn't exist. There can be many reasons for this error. 
2022.05.13 15:22:24 ERROR code navigation does not work for the file '/Users/iaskvortsov/Documents/GitHub/scala-coursera-eps/democracy/src/main/scala/democracy/MajorityJudgement.scala' because the SemanticDB file '/Users/iaskvortsov/Documents/GitHub/scala-coursera-eps/democracy/.bloop/democracy/bloop-bsp-clients-classes/classes-Metals-2sZz_Z2DTy-HAKMkq3utSA==/META-INF/semanticdb/src/main/scala/democracy/MajorityJudgement.scala.semanticdb' doesn't exist. There can be many reasons for this error. 
2022.05.13 15:22:24 INFO  compiling democracy (1 scala source)
2022.05.13 15:22:24 ERROR code navigation does not work for the file '/Users/iaskvortsov/Documents/GitHub/scala-coursera-eps/democracy/src/main/scala/democracy/MajorityJudgement.scala' because the build target democracy is being compiled. Wait until compilation is finished and try again.
мая 13, 2022 3:22:26 PM org.eclipse.lsp4j.jsonrpc.RemoteEndpoint fallbackResponseError
SEVERE: Internal error: scala.meta.internal.metals.debug.DebugProvider$WorkspaceErrorsException$: Cannot run class, since the workspace has errors.
java.util.concurrent.CompletionException: scala.meta.internal.metals.debug.DebugProvider$WorkspaceErrorsException$: Cannot run class, since the workspace has errors.
	at java.base/java.util.concurrent.CompletableFuture.encodeThrowable(CompletableFuture.java:331)
	at java.base/java.util.concurrent.CompletableFuture.uniAcceptNow(CompletableFuture.java:743)
	at java.base/java.util.concurrent.CompletableFuture.uniAcceptStage(CompletableFuture.java:731)
	at java.base/java.util.concurrent.CompletableFuture.thenAcceptAsync(CompletableFuture.java:2112)
	at scala.concurrent.java8.FuturesConvertersImpl$CF.thenAccept(FutureConvertersImpl.scala:37)
	at org.eclipse.lsp4j.jsonrpc.RemoteEndpoint.handleRequest(RemoteEndpoint.java:279)
	at org.eclipse.lsp4j.jsonrpc.RemoteEndpoint.consume(RemoteEndpoint.java:190)
	at org.eclipse.lsp4j.jsonrpc.json.StreamMessageProducer.handleMessage(StreamMessageProducer.java:194)
	at org.eclipse.lsp4j.jsonrpc.json.StreamMessageProducer.listen(StreamMessageProducer.java:94)
	at org.eclipse.lsp4j.jsonrpc.json.ConcurrentMessageProcessor.run(ConcurrentMessageProcessor.java:113)
	at java.base/java.util.concurrent.Executors$RunnableAdapter.call(Executors.java:515)
	at java.base/java.util.concurrent.FutureTask.run(FutureTask.java:264)
	at java.base/java.util.concurrent.ThreadPoolExecutor.runWorker(ThreadPoolExecutor.java:1128)
	at java.base/java.util.concurrent.ThreadPoolExecutor$Worker.run(ThreadPoolExecutor.java:628)
	at java.base/java.lang.Thread.run(Thread.java:834)
Caused by: scala.meta.internal.metals.debug.DebugProvider$WorkspaceErrorsException$: Cannot run class, since the workspace has errors.
	at scala.meta.internal.metals.debug.DebugProvider$WorkspaceErrorsException$.<clinit>(DebugProvider.scala:841)
	at scala.meta.internal.metals.debug.DebugProvider.debugDiscovery(DebugProvider.scala:396)
	at scala.meta.internal.metals.MetalsLanguageServer.executeCommand(MetalsLanguageServer.scala:1853)
	at java.base/jdk.internal.reflect.NativeMethodAccessorImpl.invoke0(Native Method)
	at java.base/jdk.internal.reflect.NativeMethodAccessorImpl.invoke(NativeMethodAccessorImpl.java:62)
	at java.base/jdk.internal.reflect.DelegatingMethodAccessorImpl.invoke(DelegatingMethodAccessorImpl.java:43)
	at java.base/java.lang.reflect.Method.invoke(Method.java:566)
	at org.eclipse.lsp4j.jsonrpc.services.GenericEndpoint.lambda$null$0(GenericEndpoint.java:65)
	at org.eclipse.lsp4j.jsonrpc.services.GenericEndpoint.request(GenericEndpoint.java:120)
	at org.eclipse.lsp4j.jsonrpc.RemoteEndpoint.handleRequest(RemoteEndpoint.java:261)
	... 9 more

2022.05.13 15:22:26 INFO  time: compiled democracy in 2.03s
2022.05.13 15:22:26 INFO  compiling democracy-test (1 scala source)
2022.05.13 15:22:27 INFO  time: compiled democracy-test in 1.22s
2022.05.13 15:22:29 INFO  tracing is disabled for protocol dap-server, to enable tracing of incoming and outgoing JSON messages create an empty file at /Users/iaskvortsov/Documents/GitHub/scala-coursera-eps/democracy/.metals/dap-server.trace.json or /Users/iaskvortsov/Library/Caches/org.scalameta.metals/dap-server.trace.json
2022.05.13 15:22:29 INFO  tracing is disabled for protocol dap-client, to enable tracing of incoming and outgoing JSON messages create an empty file at /Users/iaskvortsov/Documents/GitHub/scala-coursera-eps/democracy/.metals/dap-client.trace.json or /Users/iaskvortsov/Library/Caches/org.scalameta.metals/dap-client.trace.json
2022.05.13 15:22:29 INFO  Starting debug proxy for [democracy.MajorityJudgementSuite]
2022.05.13 15:22:35 INFO  Trying to attach to remote debuggee VM localhost:57568 .
2022.05.13 15:22:35 INFO  Attaching to debuggee VM succeeded.
2022.05.13 15:22:36 INFO  Canceling debug proxy for [democracy.MajorityJudgementSuite]
2022.05.13 15:22:36 INFO  Closing debug server tcp://0.0.0.0:57562
2022.05.13 15:24:05 INFO  shutting down Metals
2022.05.13 15:24:05 INFO  Shut down connection with build server.
2022.05.13 15:24:05 INFO  Shut down connection with build server.
2022.05.13 15:24:05 INFO  Shut down connection with build server.
мая 13, 2022 3:24:05 PM org.eclipse.lsp4j.jsonrpc.json.StreamMessageProducer fireStreamClosed
INFO: The input stream was closed.
java.nio.channels.ClosedByInterruptException
	at java.base/java.nio.channels.spi.AbstractInterruptibleChannel.end(AbstractInterruptibleChannel.java:199)
	at java.base/sun.nio.ch.SourceChannelImpl.endRead(SourceChannelImpl.java:241)
	at java.base/sun.nio.ch.SourceChannelImpl.read(SourceChannelImpl.java:259)
	at java.base/sun.nio.ch.ChannelInputStream.read(ChannelInputStream.java:59)
	at java.base/sun.nio.ch.ChannelInputStream.read(ChannelInputStream.java:107)
	at java.base/sun.nio.ch.ChannelInputStream.read(ChannelInputStream.java:101)
	at java.base/java.io.InputStream.read(InputStream.java:205)
	at java.base/sun.nio.ch.ChannelInputStream.read(ChannelInputStream.java:81)
	at org.eclipse.lsp4j.jsonrpc.json.StreamMessageProducer.listen(StreamMessageProducer.java:79)
	at org.eclipse.lsp4j.jsonrpc.json.ConcurrentMessageProcessor.run(ConcurrentMessageProcessor.java:113)
	at java.base/java.util.concurrent.Executors$RunnableAdapter.call(Executors.java:515)
	at java.base/java.util.concurrent.FutureTask.run(FutureTask.java:264)
	at java.base/java.util.concurrent.ThreadPoolExecutor.runWorker(ThreadPoolExecutor.java:1128)
	at java.base/java.util.concurrent.ThreadPoolExecutor$Worker.run(ThreadPoolExecutor.java:628)
	at java.base/java.lang.Thread.run(Thread.java:834)

мая 13, 2022 3:24:05 PM org.eclipse.lsp4j.jsonrpc.json.StreamMessageProducer fireStreamClosed
INFO: The input stream was closed.
java.nio.channels.ClosedByInterruptException
	at java.base/java.nio.channels.spi.AbstractInterruptibleChannel.end(AbstractInterruptibleChannel.java:199)
	at java.base/sun.nio.ch.SourceChannelImpl.endRead(SourceChannelImpl.java:241)
	at java.base/sun.nio.ch.SourceChannelImpl.read(SourceChannelImpl.java:259)
	at java.base/sun.nio.ch.ChannelInputStream.read(ChannelInputStream.java:59)
	at java.base/sun.nio.ch.ChannelInputStream.read(ChannelInputStream.java:107)
	at java.base/sun.nio.ch.ChannelInputStream.read(ChannelInputStream.java:101)
	at java.base/java.io.InputStream.read(InputStream.java:205)
	at java.base/sun.nio.ch.ChannelInputStream.read(ChannelInputStream.java:81)
	at org.eclipse.lsp4j.jsonrpc.json.StreamMessageProducer.listen(StreamMessageProducer.java:79)
	at org.eclipse.lsp4j.jsonrpc.json.ConcurrentMessageProcessor.run(ConcurrentMessageProcessor.java:113)
	at java.base/java.util.concurrent.Executors$RunnableAdapter.call(Executors.java:515)
	at java.base/java.util.concurrent.FutureTask.run(FutureTask.java:264)
	at java.base/java.util.concurrent.ThreadPoolExecutor.runWorker(ThreadPoolExecutor.java:1128)
	at java.base/java.util.concurrent.ThreadPoolExecutor$Worker.run(ThreadPoolExecutor.java:628)
	at java.base/java.lang.Thread.run(Thread.java:834)

